{"/app/packages/worker/src/index.ts": {"path":"/app/packages/worker/src/index.ts","statementMap":{"0":{"start":{"line":37,"column":1},"end":{"line":37,"column":null}},"1":{"start":{"line":38,"column":1},"end":{"line":38,"column":null}},"2":{"start":{"line":39,"column":1},"end":{"line":39,"column":null}},"3":{"start":{"line":39,"column":32},"end":{"line":39,"column":null}},"4":{"start":{"line":41,"column":47},"end":{"line":47,"column":null}},"5":{"start":{"line":49,"column":1},"end":{"line":55,"column":null}},"6":{"start":{"line":50,"column":2},"end":{"line":54,"column":null}},"7":{"start":{"line":57,"column":13},"end":{"line":57,"column":null}},"8":{"start":{"line":58,"column":1},"end":{"line":61,"column":null}},"9":{"start":{"line":59,"column":2},"end":{"line":59,"column":null}},"10":{"start":{"line":60,"column":2},"end":{"line":60,"column":null}},"11":{"start":{"line":63,"column":17},"end":{"line":67,"column":null}},"12":{"start":{"line":69,"column":1},"end":{"line":71,"column":null}},"13":{"start":{"line":70,"column":2},"end":{"line":70,"column":null}},"14":{"start":{"line":73,"column":1},"end":{"line":75,"column":null}},"15":{"start":{"line":74,"column":2},"end":{"line":74,"column":null}},"16":{"start":{"line":77,"column":1},"end":{"line":84,"column":null}},"17":{"start":{"line":78,"column":2},"end":{"line":78,"column":null}},"18":{"start":{"line":79,"column":2},"end":{"line":83,"column":null}},"19":{"start":{"line":80,"column":3},"end":{"line":80,"column":null}},"20":{"start":{"line":81,"column":3},"end":{"line":81,"column":null}},"21":{"start":{"line":82,"column":3},"end":{"line":82,"column":null}},"22":{"start":{"line":86,"column":1},"end":{"line":114,"column":null}},"23":{"start":{"line":87,"column":2},"end":{"line":90,"column":null}},"24":{"start":{"line":91,"column":2},"end":{"line":113,"column":null}},"25":{"start":{"line":97,"column":6},"end":{"line":99,"column":null}},"26":{"start":{"line":102,"column":5},"end":{"line":108,"column":null}},"27":{"start":{"line":103,"column":6},"end":{"line":107,"column":null}},"28":{"start":{"line":104,"column":7},"end":{"line":104,"column":null}},"29":{"start":{"line":105,"column":7},"end":{"line":105,"column":null}},"30":{"start":{"line":106,"column":7},"end":{"line":106,"column":null}},"31":{"start":{"line":110,"column":5},"end":{"line":110,"column":null}},"32":{"start":{"line":116,"column":1},"end":{"line":116,"column":null}},"33":{"start":{"line":118,"column":1},"end":{"line":118,"column":null}},"34":{"start":{"line":119,"column":1},"end":{"line":119,"column":null}},"35":{"start":{"line":120,"column":1},"end":{"line":120,"column":null}},"36":{"start":{"line":121,"column":1},"end":{"line":121,"column":null}},"37":{"start":{"line":122,"column":1},"end":{"line":122,"column":null}},"38":{"start":{"line":123,"column":1},"end":{"line":123,"column":null}},"39":{"start":{"line":124,"column":1},"end":{"line":124,"column":null}},"40":{"start":{"line":125,"column":1},"end":{"line":125,"column":null}},"41":{"start":{"line":126,"column":1},"end":{"line":126,"column":null}},"42":{"start":{"line":127,"column":1},"end":{"line":127,"column":null}},"43":{"start":{"line":128,"column":1},"end":{"line":128,"column":null}},"44":{"start":{"line":129,"column":1},"end":{"line":129,"column":null}},"45":{"start":{"line":131,"column":1},"end":{"line":131,"column":null}},"46":{"start":{"line":133,"column":1},"end":{"line":133,"column":null}},"47":{"start":{"line":134,"column":1},"end":{"line":134,"column":null}},"48":{"start":{"line":136,"column":1},"end":{"line":138,"column":null}},"49":{"start":{"line":137,"column":2},"end":{"line":137,"column":null}},"50":{"start":{"line":140,"column":1},"end":{"line":152,"column":null}},"51":{"start":{"line":147,"column":3},"end":{"line":147,"column":null}},"52":{"start":{"line":150,"column":3},"end":{"line":150,"column":null}}},"fnMap":{"0":{"name":"R2Explorer","decl":{"start":{"line":36,"column":16},"end":{"line":36,"column":27}},"loc":{"start":{"line":36,"column":54},"end":{"line":153,"column":null}}},"1":{"name":"(anonymous_1)","decl":{"start":{"line":58,"column":14},"end":{"line":58,"column":21}},"loc":{"start":{"line":58,"column":33},"end":{"line":61,"column":2}}},"2":{"name":"(anonymous_2)","decl":{"start":{"line":79,"column":20},"end":{"line":79,"column":27}},"loc":{"start":{"line":79,"column":39},"end":{"line":83,"column":3}}},"3":{"name":"(anonymous_3)","decl":{"start":{"line":95,"column":16},"end":{"line":95,"column":17}},"loc":{"start":{"line":95,"column":55},"end":{"line":111,"column":null}}},"4":{"name":"(anonymous_4)","decl":{"start":{"line":136,"column":14},"end":{"line":136,"column":null}},"loc":{"start":{"line":137,"column":2},"end":{"line":137,"column":null}}},"5":{"name":"(anonymous_5)","decl":{"start":{"line":142,"column":2},"end":{"line":142,"column":8}},"loc":{"start":{"line":146,"column":4},"end":{"line":148,"column":null}}},"6":{"name":"(anonymous_6)","decl":{"start":{"line":149,"column":2},"end":{"line":149,"column":8}},"loc":{"start":{"line":149,"column":72},"end":{"line":151,"column":null}}}},"branchMap":{"0":{"loc":{"start":{"line":38,"column":10},"end":{"line":38,"column":null}},"type":"binary-expr","locations":[{"start":{"line":38,"column":10},"end":{"line":38,"column":20}},{"start":{"line":38,"column":20},"end":{"line":38,"column":null}}]},"1":{"loc":{"start":{"line":39,"column":1},"end":{"line":39,"column":null}},"type":"if","locations":[{"start":{"line":39,"column":1},"end":{"line":39,"column":null}},{"start":{},"end":{}}]},"2":{"loc":{"start":{"line":49,"column":1},"end":{"line":55,"column":null}},"type":"if","locations":[{"start":{"line":49,"column":1},"end":{"line":55,"column":null}},{"start":{},"end":{}}]},"3":{"loc":{"start":{"line":69,"column":1},"end":{"line":71,"column":null}},"type":"if","locations":[{"start":{"line":69,"column":1},"end":{"line":71,"column":null}},{"start":{},"end":{}}]},"4":{"loc":{"start":{"line":73,"column":1},"end":{"line":75,"column":null}},"type":"if","locations":[{"start":{"line":73,"column":1},"end":{"line":75,"column":null}},{"start":{},"end":{}}]},"5":{"loc":{"start":{"line":77,"column":1},"end":{"line":84,"column":null}},"type":"if","locations":[{"start":{"line":77,"column":1},"end":{"line":84,"column":null}},{"start":{},"end":{}}]},"6":{"loc":{"start":{"line":86,"column":1},"end":{"line":114,"column":null}},"type":"if","locations":[{"start":{"line":86,"column":1},"end":{"line":114,"column":null}},{"start":{},"end":{}}]},"7":{"loc":{"start":{"line":97,"column":6},"end":{"line":99,"column":null}},"type":"cond-expr","locations":[{"start":{"line":98,"column":9},"end":{"line":98,"column":null}},{"start":{"line":99,"column":9},"end":{"line":99,"column":null}}]},"8":{"loc":{"start":{"line":103,"column":6},"end":{"line":107,"column":null}},"type":"if","locations":[{"start":{"line":103,"column":6},"end":{"line":107,"column":null}},{"start":{},"end":{}}]},"9":{"loc":{"start":{"line":103,"column":10},"end":{"line":103,"column":68}},"type":"binary-expr","locations":[{"start":{"line":103,"column":10},"end":{"line":103,"column":40}},{"start":{"line":103,"column":40},"end":{"line":103,"column":68}}]}},"s":{"0":25,"1":25,"2":25,"3":0,"4":25,"5":25,"6":0,"7":25,"8":25,"9":26,"10":26,"11":25,"12":25,"13":25,"14":25,"15":0,"16":25,"17":0,"18":0,"19":0,"20":0,"21":0,"22":25,"23":0,"24":0,"25":0,"26":0,"27":0,"28":0,"29":0,"30":0,"31":0,"32":25,"33":25,"34":25,"35":25,"36":25,"37":25,"38":25,"39":25,"40":25,"41":25,"42":25,"43":25,"44":25,"45":25,"46":25,"47":25,"48":25,"49":0,"50":25,"51":0,"52":26},"f":{"0":25,"1":26,"2":0,"3":0,"4":0,"5":0,"6":26},"b":{"0":[25,0],"1":[0,25],"2":[0,25],"3":[25,0],"4":[0,25],"5":[0,25],"6":[0,25],"7":[0,0],"8":[0,0],"9":[0,0]}}
,"/app/packages/worker/src/foundation/dates.ts": {"path":"/app/packages/worker/src/foundation/dates.ts","statementMap":{"0":{"start":{"line":2,"column":1},"end":{"line":2,"column":null}}},"fnMap":{"0":{"name":"getCurrentTimestampMilliseconds","decl":{"start":{"line":1,"column":16},"end":{"line":1,"column":58}},"loc":{"start":{"line":1,"column":58},"end":{"line":3,"column":null}}}},"branchMap":{},"s":{"0":0},"f":{"0":0},"b":{}}
,"/app/packages/worker/src/foundation/settings.ts": {"path":"/app/packages/worker/src/foundation/settings.ts","statementMap":{"0":{"start":{"line":3,"column":24},"end":{"line":5,"column":null}}},"fnMap":{},"branchMap":{},"s":{"0":1},"f":{},"b":{}}
,"/app/packages/worker/src/foundation/middlewares/readonly.ts": {"path":"/app/packages/worker/src/foundation/middlewares/readonly.ts","statementMap":{"0":{"start":{"line":7,"column":16},"end":{"line":7,"column":null}},"1":{"start":{"line":9,"column":1},"end":{"line":23,"column":null}},"2":{"start":{"line":10,"column":2},"end":{"line":22,"column":null}},"3":{"start":{"line":25,"column":1},"end":{"line":25,"column":null}}},"fnMap":{"0":{"name":"readOnlyMiddleware","decl":{"start":{"line":3,"column":22},"end":{"line":3,"column":null}},"loc":{"start":{"line":6,"column":2},"end":{"line":26,"column":null}}}},"branchMap":{"0":{"loc":{"start":{"line":9,"column":1},"end":{"line":23,"column":null}},"type":"if","locations":[{"start":{"line":9,"column":1},"end":{"line":23,"column":null}},{"start":{},"end":{}}]},"1":{"loc":{"start":{"line":9,"column":5},"end":{"line":9,"column":74}},"type":"binary-expr","locations":[{"start":{"line":9,"column":5},"end":{"line":9,"column":33}},{"start":{"line":9,"column":33},"end":{"line":9,"column":74}}]}},"s":{"0":0,"1":0,"2":0,"3":0},"f":{"0":0},"b":{"0":[0,0],"1":[0,0]}}
,"/app/packages/worker/src/modules/dashboard.ts": {"path":"/app/packages/worker/src/modules/dashboard.ts","statementMap":{"0":{"start":{"line":4,"column":1},"end":{"line":9,"column":null}},"1":{"start":{"line":5,"column":2},"end":{"line":8,"column":null}},"2":{"start":{"line":11,"column":1},"end":{"line":14,"column":null}},"3":{"start":{"line":18,"column":1},"end":{"line":23,"column":null}},"4":{"start":{"line":19,"column":2},"end":{"line":22,"column":null}},"5":{"start":{"line":25,"column":13},"end":{"line":25,"column":null}},"6":{"start":{"line":27,"column":1},"end":{"line":29,"column":null}},"7":{"start":{"line":28,"column":2},"end":{"line":28,"column":null}},"8":{"start":{"line":31,"column":1},"end":{"line":31,"column":null}}},"fnMap":{"0":{"name":"dashboardIndex","decl":{"start":{"line":3,"column":16},"end":{"line":3,"column":31}},"loc":{"start":{"line":3,"column":46},"end":{"line":15,"column":null}}},"1":{"name":"dashboardRedirect","decl":{"start":{"line":17,"column":22},"end":{"line":17,"column":40}},"loc":{"start":{"line":17,"column":61},"end":{"line":32,"column":null}}}},"branchMap":{"0":{"loc":{"start":{"line":4,"column":1},"end":{"line":9,"column":null}},"type":"if","locations":[{"start":{"line":4,"column":1},"end":{"line":9,"column":null}},{"start":{},"end":{}}]},"1":{"loc":{"start":{"line":18,"column":1},"end":{"line":23,"column":null}},"type":"if","locations":[{"start":{"line":18,"column":1},"end":{"line":23,"column":null}},{"start":{},"end":{}}]},"2":{"loc":{"start":{"line":27,"column":1},"end":{"line":29,"column":null}},"type":"if","locations":[{"start":{"line":27,"column":1},"end":{"line":29,"column":null}},{"start":{},"end":{}}]}},"s":{"0":0,"1":0,"2":0,"3":0,"4":0,"5":0,"6":0,"7":0,"8":0},"f":{"0":0,"1":0},"b":{"0":[0,0],"1":[0,0],"2":[0,0]}}
,"/app/packages/worker/src/modules/buckets/createFolder.ts": {"path":"/app/packages/worker/src/modules/buckets/createFolder.ts","statementMap":{"0":{"start":{"line":7,"column":10},"end":{"line":25,"column":null}},"1":{"start":{"line":28,"column":15},"end":{"line":28,"column":null}},"2":{"start":{"line":30,"column":21},"end":{"line":30,"column":null}},"3":{"start":{"line":31,"column":17},"end":{"line":31,"column":null}},"4":{"start":{"line":33,"column":2},"end":{"line":37,"column":null}},"5":{"start":{"line":34,"column":3},"end":{"line":36,"column":null}},"6":{"start":{"line":38,"column":14},"end":{"line":38,"column":null}},"7":{"start":{"line":42,"column":20},"end":{"line":42,"column":null}},"8":{"start":{"line":44,"column":2},"end":{"line":44,"column":null}}},"fnMap":{"0":{"name":"(anonymous_0)","decl":{"start":{"line":27,"column":1},"end":{"line":27,"column":7}},"loc":{"start":{"line":27,"column":29},"end":{"line":45,"column":null}}}},"branchMap":{"0":{"loc":{"start":{"line":33,"column":2},"end":{"line":37,"column":null}},"type":"if","locations":[{"start":{"line":33,"column":2},"end":{"line":37,"column":null}},{"start":{},"end":{}}]},"1":{"loc":{"start":{"line":42,"column":20},"end":{"line":42,"column":null}},"type":"cond-expr","locations":[{"start":{"line":42,"column":40},"end":{"line":42,"column":46}},{"start":{"line":42,"column":46},"end":{"line":42,"column":null}}]}},"s":{"0":30,"1":5,"2":4,"3":4,"4":4,"5":1,"6":3,"7":3,"8":3},"f":{"0":5},"b":{"0":[1,3],"1":[1,2]}}
,"/app/packages/worker/src/modules/buckets/deleteObject.ts": {"path":"/app/packages/worker/src/modules/buckets/deleteObject.ts","statementMap":{"0":{"start":{"line":7,"column":10},"end":{"line":25,"column":null}},"1":{"start":{"line":28,"column":15},"end":{"line":28,"column":null}},"2":{"start":{"line":30,"column":21},"end":{"line":30,"column":null}},"3":{"start":{"line":31,"column":17},"end":{"line":31,"column":null}},"4":{"start":{"line":33,"column":2},"end":{"line":38,"column":null}},"5":{"start":{"line":35,"column":3},"end":{"line":37,"column":null}},"6":{"start":{"line":40,"column":14},"end":{"line":40,"column":null}},"7":{"start":{"line":42,"column":2},"end":{"line":42,"column":null}},"8":{"start":{"line":44,"column":2},"end":{"line":44,"column":null}}},"fnMap":{"0":{"name":"(anonymous_0)","decl":{"start":{"line":27,"column":1},"end":{"line":27,"column":7}},"loc":{"start":{"line":27,"column":29},"end":{"line":45,"column":null}}}},"branchMap":{"0":{"loc":{"start":{"line":33,"column":2},"end":{"line":38,"column":null}},"type":"if","locations":[{"start":{"line":33,"column":2},"end":{"line":38,"column":null}},{"start":{},"end":{}}]}},"s":{"0":29,"1":4,"2":4,"3":4,"4":4,"5":1,"6":3,"7":3,"8":3},"f":{"0":4},"b":{"0":[1,3]}}
,"/app/packages/worker/src/modules/buckets/getObject.ts": {"path":"/app/packages/worker/src/modules/buckets/getObject.ts","statementMap":{"0":{"start":{"line":7,"column":10},"end":{"line":23,"column":null}},"1":{"start":{"line":26,"column":15},"end":{"line":26,"column":null}},"2":{"start":{"line":28,"column":21},"end":{"line":28,"column":null}},"3":{"start":{"line":29,"column":17},"end":{"line":29,"column":null}},"4":{"start":{"line":31,"column":2},"end":{"line":35,"column":null}},"5":{"start":{"line":32,"column":3},"end":{"line":34,"column":null}},"6":{"start":{"line":38,"column":2},"end":{"line":44,"column":null}},"7":{"start":{"line":39,"column":3},"end":{"line":39,"column":null}},"8":{"start":{"line":41,"column":3},"end":{"line":43,"column":null}},"9":{"start":{"line":46,"column":17},"end":{"line":46,"column":null}},"10":{"start":{"line":48,"column":2},"end":{"line":50,"column":null}},"11":{"start":{"line":49,"column":3},"end":{"line":49,"column":null}},"12":{"start":{"line":52,"column":18},"end":{"line":52,"column":null}},"13":{"start":{"line":53,"column":2},"end":{"line":53,"column":null}},"14":{"start":{"line":54,"column":2},"end":{"line":54,"column":null}},"15":{"start":{"line":55,"column":2},"end":{"line":58,"column":null}},"16":{"start":{"line":60,"column":2},"end":{"line":62,"column":null}}},"fnMap":{"0":{"name":"(anonymous_0)","decl":{"start":{"line":25,"column":1},"end":{"line":25,"column":7}},"loc":{"start":{"line":25,"column":29},"end":{"line":63,"column":null}}}},"branchMap":{"0":{"loc":{"start":{"line":31,"column":2},"end":{"line":35,"column":null}},"type":"if","locations":[{"start":{"line":31,"column":2},"end":{"line":35,"column":null}},{"start":{},"end":{}}]},"1":{"loc":{"start":{"line":48,"column":2},"end":{"line":50,"column":null}},"type":"if","locations":[{"start":{"line":48,"column":2},"end":{"line":50,"column":null}},{"start":{},"end":{}}]}},"s":{"0":25,"1":0,"2":0,"3":0,"4":0,"5":0,"6":0,"7":0,"8":0,"9":0,"10":0,"11":0,"12":0,"13":0,"14":0,"15":0,"16":0},"f":{"0":0},"b":{"0":[0,0],"1":[0,0]}}
,"/app/packages/worker/src/modules/buckets/headObject.ts": {"path":"/app/packages/worker/src/modules/buckets/headObject.ts","statementMap":{"0":{"start":{"line":7,"column":10},"end":{"line":17,"column":null}},"1":{"start":{"line":20,"column":15},"end":{"line":20,"column":null}},"2":{"start":{"line":22,"column":21},"end":{"line":22,"column":null}},"3":{"start":{"line":23,"column":17},"end":{"line":23,"column":null}},"4":{"start":{"line":25,"column":2},"end":{"line":29,"column":null}},"5":{"start":{"line":26,"column":3},"end":{"line":28,"column":null}},"6":{"start":{"line":32,"column":2},"end":{"line":38,"column":null}},"7":{"start":{"line":33,"column":3},"end":{"line":33,"column":null}},"8":{"start":{"line":35,"column":3},"end":{"line":37,"column":null}},"9":{"start":{"line":40,"column":21},"end":{"line":40,"column":null}},"10":{"start":{"line":42,"column":2},"end":{"line":45,"column":null}},"11":{"start":{"line":44,"column":3},"end":{"line":44,"column":null}},"12":{"start":{"line":48,"column":26},"end":{"line":48,"column":null}},"13":{"start":{"line":49,"column":2},"end":{"line":49,"column":null}},"14":{"start":{"line":50,"column":2},"end":{"line":50,"column":null}},"15":{"start":{"line":51,"column":2},"end":{"line":53,"column":null}},"16":{"start":{"line":52,"column":3},"end":{"line":52,"column":null}},"17":{"start":{"line":54,"column":2},"end":{"line":59,"column":null}},"18":{"start":{"line":55,"column":3},"end":{"line":58,"column":null}},"19":{"start":{"line":60,"column":2},"end":{"line":65,"column":null}},"20":{"start":{"line":61,"column":3},"end":{"line":64,"column":null}},"21":{"start":{"line":66,"column":2},"end":{"line":71,"column":null}},"22":{"start":{"line":67,"column":3},"end":{"line":70,"column":null}},"23":{"start":{"line":72,"column":2},"end":{"line":77,"column":null}},"24":{"start":{"line":73,"column":3},"end":{"line":76,"column":null}},"25":{"start":{"line":79,"column":2},"end":{"line":79,"column":null}},"26":{"start":{"line":84,"column":2},"end":{"line":84,"column":null}}},"fnMap":{"0":{"name":"(anonymous_0)","decl":{"start":{"line":19,"column":1},"end":{"line":19,"column":7}},"loc":{"start":{"line":19,"column":29},"end":{"line":85,"column":null}}}},"branchMap":{"0":{"loc":{"start":{"line":25,"column":2},"end":{"line":29,"column":null}},"type":"if","locations":[{"start":{"line":25,"column":2},"end":{"line":29,"column":null}},{"start":{},"end":{}}]},"1":{"loc":{"start":{"line":42,"column":2},"end":{"line":45,"column":null}},"type":"if","locations":[{"start":{"line":42,"column":2},"end":{"line":45,"column":null}},{"start":{},"end":{}}]},"2":{"loc":{"start":{"line":51,"column":2},"end":{"line":53,"column":null}},"type":"if","locations":[{"start":{"line":51,"column":2},"end":{"line":53,"column":null}},{"start":{},"end":{}}]},"3":{"loc":{"start":{"line":54,"column":2},"end":{"line":59,"column":null}},"type":"if","locations":[{"start":{"line":54,"column":2},"end":{"line":59,"column":null}},{"start":{},"end":{}}]},"4":{"loc":{"start":{"line":60,"column":2},"end":{"line":65,"column":null}},"type":"if","locations":[{"start":{"line":60,"column":2},"end":{"line":65,"column":null}},{"start":{},"end":{}}]},"5":{"loc":{"start":{"line":66,"column":2},"end":{"line":71,"column":null}},"type":"if","locations":[{"start":{"line":66,"column":2},"end":{"line":71,"column":null}},{"start":{},"end":{}}]},"6":{"loc":{"start":{"line":72,"column":2},"end":{"line":77,"column":null}},"type":"if","locations":[{"start":{"line":72,"column":2},"end":{"line":77,"column":null}},{"start":{},"end":{}}]}},"s":{"0":50,"1":0,"2":0,"3":0,"4":0,"5":0,"6":0,"7":0,"8":0,"9":0,"10":0,"11":0,"12":0,"13":0,"14":0,"15":0,"16":0,"17":0,"18":0,"19":0,"20":0,"21":0,"22":0,"23":0,"24":0,"25":0,"26":0},"f":{"0":0},"b":{"0":[0,0],"1":[0,0],"2":[0,0],"3":[0,0],"4":[0,0],"5":[0,0],"6":[0,0]}}
,"/app/packages/worker/src/modules/buckets/listObjects.ts": {"path":"/app/packages/worker/src/modules/buckets/listObjects.ts","statementMap":{"0":{"start":{"line":7,"column":10},"end":{"line":28,"column":null}},"1":{"start":{"line":31,"column":15},"end":{"line":31,"column":null}},"2":{"start":{"line":33,"column":21},"end":{"line":33,"column":null}},"3":{"start":{"line":34,"column":17},"end":{"line":34,"column":null}},"4":{"start":{"line":36,"column":2},"end":{"line":40,"column":null}},"5":{"start":{"line":37,"column":3},"end":{"line":39,"column":null}},"6":{"start":{"line":42,"column":2},"end":{"line":42,"column":null}},"7":{"start":{"line":44,"column":2},"end":{"line":54,"column":null}}},"fnMap":{"0":{"name":"(anonymous_0)","decl":{"start":{"line":30,"column":1},"end":{"line":30,"column":7}},"loc":{"start":{"line":30,"column":29},"end":{"line":55,"column":null}}}},"branchMap":{"0":{"loc":{"start":{"line":36,"column":2},"end":{"line":40,"column":null}},"type":"if","locations":[{"start":{"line":36,"column":2},"end":{"line":40,"column":null}},{"start":{},"end":{}}]},"1":{"loc":{"start":{"line":46,"column":11},"end":{"line":48,"column":null}},"type":"cond-expr","locations":[{"start":{"line":47,"column":6},"end":{"line":47,"column":null}},{"start":{"line":48,"column":6},"end":{"line":48,"column":null}}]},"2":{"loc":{"start":{"line":51,"column":14},"end":{"line":51,"column":null}},"type":"cond-expr","locations":[{"start":{"line":51,"column":37},"end":{"line":51,"column":60}},{"start":{"line":51,"column":60},"end":{"line":51,"column":null}}]}},"s":{"0":32,"1":7,"2":7,"3":7,"4":7,"5":1,"6":6,"7":6},"f":{"0":7},"b":{"0":[1,6],"1":[1,5],"2":[1,5]}}
,"/app/packages/worker/src/modules/buckets/moveObject.ts": {"path":"/app/packages/worker/src/modules/buckets/moveObject.ts","statementMap":{"0":{"start":{"line":7,"column":10},"end":{"line":26,"column":null}},"1":{"start":{"line":29,"column":15},"end":{"line":29,"column":null}},"2":{"start":{"line":31,"column":21},"end":{"line":31,"column":null}},"3":{"start":{"line":32,"column":17},"end":{"line":32,"column":null}},"4":{"start":{"line":34,"column":2},"end":{"line":38,"column":null}},"5":{"start":{"line":35,"column":3},"end":{"line":37,"column":null}},"6":{"start":{"line":40,"column":17},"end":{"line":40,"column":null}},"7":{"start":{"line":41,"column":17},"end":{"line":41,"column":null}},"8":{"start":{"line":43,"column":17},"end":{"line":43,"column":null}},"9":{"start":{"line":45,"column":2},"end":{"line":49,"column":null}},"10":{"start":{"line":46,"column":3},"end":{"line":48,"column":null}},"11":{"start":{"line":51,"column":15},"end":{"line":54,"column":null}},"12":{"start":{"line":56,"column":2},"end":{"line":56,"column":null}},"13":{"start":{"line":58,"column":2},"end":{"line":58,"column":null}}},"fnMap":{"0":{"name":"(anonymous_0)","decl":{"start":{"line":28,"column":1},"end":{"line":28,"column":7}},"loc":{"start":{"line":28,"column":29},"end":{"line":59,"column":null}}}},"branchMap":{"0":{"loc":{"start":{"line":34,"column":2},"end":{"line":38,"column":null}},"type":"if","locations":[{"start":{"line":34,"column":2},"end":{"line":38,"column":null}},{"start":{},"end":{}}]},"1":{"loc":{"start":{"line":45,"column":2},"end":{"line":49,"column":null}},"type":"if","locations":[{"start":{"line":45,"column":2},"end":{"line":49,"column":null}},{"start":{},"end":{}}]}},"s":{"0":31,"1":6,"2":4,"3":4,"4":4,"5":1,"6":3,"7":3,"8":3,"9":3,"10":1,"11":2,"12":2,"13":2},"f":{"0":6},"b":{"0":[1,3],"1":[1,2]}}
,"/app/packages/worker/src/modules/buckets/putMetadata.ts": {"path":"/app/packages/worker/src/modules/buckets/putMetadata.ts","statementMap":{"0":{"start":{"line":7,"column":10},"end":{"line":29,"column":null}},"1":{"start":{"line":32,"column":15},"end":{"line":32,"column":null}},"2":{"start":{"line":34,"column":21},"end":{"line":34,"column":null}},"3":{"start":{"line":35,"column":17},"end":{"line":35,"column":null}},"4":{"start":{"line":37,"column":2},"end":{"line":41,"column":null}},"5":{"start":{"line":38,"column":3},"end":{"line":40,"column":null}},"6":{"start":{"line":44,"column":2},"end":{"line":50,"column":null}},"7":{"start":{"line":45,"column":3},"end":{"line":45,"column":null}},"8":{"start":{"line":47,"column":3},"end":{"line":49,"column":null}},"9":{"start":{"line":52,"column":17},"end":{"line":52,"column":null}},"10":{"start":{"line":54,"column":2},"end":{"line":57,"column":null}},"11":{"start":{"line":56,"column":3},"end":{"line":56,"column":null}},"12":{"start":{"line":60,"column":2},"end":{"line":63,"column":null}}},"fnMap":{"0":{"name":"(anonymous_0)","decl":{"start":{"line":31,"column":1},"end":{"line":31,"column":7}},"loc":{"start":{"line":31,"column":29},"end":{"line":64,"column":null}}}},"branchMap":{"0":{"loc":{"start":{"line":37,"column":2},"end":{"line":41,"column":null}},"type":"if","locations":[{"start":{"line":37,"column":2},"end":{"line":41,"column":null}},{"start":{},"end":{}}]},"1":{"loc":{"start":{"line":54,"column":2},"end":{"line":57,"column":null}},"type":"if","locations":[{"start":{"line":54,"column":2},"end":{"line":57,"column":null}},{"start":{},"end":{}}]}},"s":{"0":25,"1":0,"2":0,"3":0,"4":0,"5":0,"6":0,"7":0,"8":0,"9":0,"10":0,"11":0,"12":0},"f":{"0":0},"b":{"0":[0,0],"1":[0,0]}}
,"/app/packages/worker/src/modules/buckets/putObject.ts": {"path":"/app/packages/worker/src/modules/buckets/putObject.ts","statementMap":{"0":{"start":{"line":7,"column":10},"end":{"line":39,"column":null}},"1":{"start":{"line":42,"column":15},"end":{"line":42,"column":null}},"2":{"start":{"line":44,"column":21},"end":{"line":44,"column":null}},"3":{"start":{"line":45,"column":17},"end":{"line":45,"column":null}},"4":{"start":{"line":47,"column":2},"end":{"line":51,"column":null}},"5":{"start":{"line":48,"column":3},"end":{"line":50,"column":null}},"6":{"start":{"line":53,"column":14},"end":{"line":53,"column":null}},"7":{"start":{"line":55,"column":23},"end":{"line":55,"column":null}},"8":{"start":{"line":56,"column":2},"end":{"line":60,"column":null}},"9":{"start":{"line":57,"column":3},"end":{"line":59,"column":null}},"10":{"start":{"line":62,"column":21},"end":{"line":62,"column":null}},"11":{"start":{"line":63,"column":2},"end":{"line":67,"column":null}},"12":{"start":{"line":64,"column":3},"end":{"line":66,"column":null}},"13":{"start":{"line":69,"column":2},"end":{"line":72,"column":null}}},"fnMap":{"0":{"name":"(anonymous_0)","decl":{"start":{"line":41,"column":1},"end":{"line":41,"column":7}},"loc":{"start":{"line":41,"column":29},"end":{"line":73,"column":null}}}},"branchMap":{"0":{"loc":{"start":{"line":47,"column":2},"end":{"line":51,"column":null}},"type":"if","locations":[{"start":{"line":47,"column":2},"end":{"line":51,"column":null}},{"start":{},"end":{}}]},"1":{"loc":{"start":{"line":56,"column":2},"end":{"line":60,"column":null}},"type":"if","locations":[{"start":{"line":56,"column":2},"end":{"line":60,"column":null}},{"start":{},"end":{}}]},"2":{"loc":{"start":{"line":63,"column":2},"end":{"line":67,"column":null}},"type":"if","locations":[{"start":{"line":63,"column":2},"end":{"line":67,"column":null}},{"start":{},"end":{}}]}},"s":{"0":29,"1":4,"2":4,"3":4,"4":4,"5":1,"6":3,"7":3,"8":3,"9":1,"10":3,"11":3,"12":1,"13":3},"f":{"0":4},"b":{"0":[1,3],"1":[1,2],"2":[1,2]}}
,"/app/packages/worker/src/modules/buckets/multipart/completeUpload.ts": {"path":"/app/packages/worker/src/modules/buckets/multipart/completeUpload.ts","statementMap":{"0":{"start":{"line":6,"column":10},"end":{"line":31,"column":null}},"1":{"start":{"line":34,"column":15},"end":{"line":34,"column":null}},"2":{"start":{"line":36,"column":17},"end":{"line":36,"column":null}},"3":{"start":{"line":38,"column":19},"end":{"line":38,"column":null}},"4":{"start":{"line":39,"column":14},"end":{"line":39,"column":null}},"5":{"start":{"line":40,"column":16},"end":{"line":40,"column":null}},"6":{"start":{"line":42,"column":26},"end":{"line":42,"column":null}},"7":{"start":{"line":44,"column":2},"end":{"line":53,"column":null}},"8":{"start":{"line":45,"column":16},"end":{"line":45,"column":null}},"9":{"start":{"line":47,"column":3},"end":{"line":50,"column":null}},"10":{"start":{"line":52,"column":3},"end":{"line":52,"column":null}}},"fnMap":{"0":{"name":"(anonymous_0)","decl":{"start":{"line":33,"column":1},"end":{"line":33,"column":7}},"loc":{"start":{"line":33,"column":29},"end":{"line":54,"column":null}}}},"branchMap":{},"s":{"0":25,"1":0,"2":0,"3":0,"4":0,"5":0,"6":0,"7":0,"8":0,"9":0,"10":0},"f":{"0":0},"b":{}}
,"/app/packages/worker/src/modules/buckets/multipart/createUpload.ts": {"path":"/app/packages/worker/src/modules/buckets/multipart/createUpload.ts","statementMap":{"0":{"start":{"line":6,"column":10},"end":{"line":28,"column":null}},"1":{"start":{"line":31,"column":15},"end":{"line":31,"column":null}},"2":{"start":{"line":33,"column":17},"end":{"line":33,"column":null}},"3":{"start":{"line":35,"column":14},"end":{"line":35,"column":null}},"4":{"start":{"line":37,"column":23},"end":{"line":37,"column":null}},"5":{"start":{"line":38,"column":2},"end":{"line":42,"column":null}},"6":{"start":{"line":39,"column":3},"end":{"line":41,"column":null}},"7":{"start":{"line":44,"column":21},"end":{"line":44,"column":null}},"8":{"start":{"line":45,"column":2},"end":{"line":49,"column":null}},"9":{"start":{"line":46,"column":3},"end":{"line":48,"column":null}},"10":{"start":{"line":51,"column":2},"end":{"line":54,"column":null}}},"fnMap":{"0":{"name":"(anonymous_0)","decl":{"start":{"line":30,"column":1},"end":{"line":30,"column":7}},"loc":{"start":{"line":30,"column":29},"end":{"line":55,"column":null}}}},"branchMap":{"0":{"loc":{"start":{"line":38,"column":2},"end":{"line":42,"column":null}},"type":"if","locations":[{"start":{"line":38,"column":2},"end":{"line":42,"column":null}},{"start":{},"end":{}}]},"1":{"loc":{"start":{"line":45,"column":2},"end":{"line":49,"column":null}},"type":"if","locations":[{"start":{"line":45,"column":2},"end":{"line":49,"column":null}},{"start":{},"end":{}}]}},"s":{"0":25,"1":0,"2":0,"3":0,"4":0,"5":0,"6":0,"7":0,"8":0,"9":0,"10":0},"f":{"0":0},"b":{"0":[0,0],"1":[0,0]}}
,"/app/packages/worker/src/modules/buckets/multipart/partUpload.ts": {"path":"/app/packages/worker/src/modules/buckets/multipart/partUpload.ts","statementMap":{"0":{"start":{"line":6,"column":10},"end":{"line":30,"column":null}},"1":{"start":{"line":33,"column":15},"end":{"line":33,"column":null}},"2":{"start":{"line":35,"column":17},"end":{"line":35,"column":null}},"3":{"start":{"line":37,"column":14},"end":{"line":37,"column":null}},"4":{"start":{"line":39,"column":26},"end":{"line":42,"column":null}},"5":{"start":{"line":44,"column":2},"end":{"line":51,"column":null}},"6":{"start":{"line":45,"column":3},"end":{"line":48,"column":null}},"7":{"start":{"line":50,"column":3},"end":{"line":50,"column":null}}},"fnMap":{"0":{"name":"(anonymous_0)","decl":{"start":{"line":32,"column":1},"end":{"line":32,"column":7}},"loc":{"start":{"line":32,"column":29},"end":{"line":52,"column":null}}}},"branchMap":{},"s":{"0":25,"1":0,"2":0,"3":0,"4":0,"5":0,"6":0,"7":0},"f":{"0":0},"b":{}}
,"/app/packages/worker/src/modules/emails/receiveEmail.ts": {"path":"/app/packages/worker/src/modules/emails/receiveEmail.ts","statementMap":{"0":{"start":{"line":7,"column":16},"end":{"line":7,"column":null}},"1":{"start":{"line":8,"column":17},"end":{"line":8,"column":null}},"2":{"start":{"line":9,"column":16},"end":{"line":9,"column":null}},"3":{"start":{"line":10,"column":1},"end":{"line":17,"column":null}},"4":{"start":{"line":11,"column":26},"end":{"line":11,"column":null}},"5":{"start":{"line":12,"column":2},"end":{"line":14,"column":null}},"6":{"start":{"line":13,"column":3},"end":{"line":13,"column":null}},"7":{"start":{"line":15,"column":2},"end":{"line":15,"column":null}},"8":{"start":{"line":16,"column":2},"end":{"line":16,"column":null}},"9":{"start":{"line":18,"column":1},"end":{"line":18,"column":null}},"10":{"start":{"line":29,"column":1},"end":{"line":34,"column":null}},"11":{"start":{"line":33,"column":2},"end":{"line":33,"column":null}},"12":{"start":{"line":36,"column":1},"end":{"line":45,"column":null}},"13":{"start":{"line":38,"column":2},"end":{"line":44,"column":null}},"14":{"start":{"line":40,"column":3},"end":{"line":43,"column":null}},"15":{"start":{"line":41,"column":4},"end":{"line":41,"column":null}},"16":{"start":{"line":42,"column":4},"end":{"line":42,"column":null}},"17":{"start":{"line":47,"column":18},"end":{"line":47,"column":null}},"18":{"start":{"line":48,"column":16},"end":{"line":48,"column":null}},"19":{"start":{"line":49,"column":21},"end":{"line":49,"column":null}},"20":{"start":{"line":51,"column":19},"end":{"line":51,"column":null}},"21":{"start":{"line":53,"column":1},"end":{"line":69,"column":null}},"22":{"start":{"line":71,"column":1},"end":{"line":76,"column":null}},"23":{"start":{"line":72,"column":2},"end":{"line":75,"column":null}}},"fnMap":{"0":{"name":"streamToArrayBuffer","decl":{"start":{"line":6,"column":15},"end":{"line":6,"column":35}},"loc":{"start":{"line":6,"column":55},"end":{"line":19,"column":null}}},"1":{"name":"receiveEmail","decl":{"start":{"line":21,"column":22},"end":{"line":21,"column":null}},"loc":{"start":{"line":26,"column":2},"end":{"line":77,"column":null}}}},"branchMap":{"0":{"loc":{"start":{"line":12,"column":2},"end":{"line":14,"column":null}},"type":"if","locations":[{"start":{"line":12,"column":2},"end":{"line":14,"column":null}},{"start":{},"end":{}}]},"1":{"loc":{"start":{"line":29,"column":1},"end":{"line":34,"column":null}},"type":"if","locations":[{"start":{"line":29,"column":1},"end":{"line":34,"column":null}},{"start":{},"end":{}}]},"2":{"loc":{"start":{"line":30,"column":2},"end":{"line":31,"column":null}},"type":"binary-expr","locations":[{"start":{"line":30,"column":2},"end":{"line":30,"column":null}},{"start":{"line":31,"column":2},"end":{"line":31,"column":null}}]},"3":{"loc":{"start":{"line":36,"column":1},"end":{"line":45,"column":null}},"type":"if","locations":[{"start":{"line":36,"column":1},"end":{"line":45,"column":null}},{"start":{},"end":{}}]},"4":{"loc":{"start":{"line":40,"column":3},"end":{"line":43,"column":null}},"type":"if","locations":[{"start":{"line":40,"column":3},"end":{"line":43,"column":null}},{"start":{},"end":{}}]},"5":{"loc":{"start":{"line":40,"column":7},"end":{"line":40,"column":31}},"type":"binary-expr","locations":[{"start":{"line":40,"column":7},"end":{"line":40,"column":20}},{"start":{"line":40,"column":20},"end":{"line":40,"column":31}}]},"6":{"loc":{"start":{"line":62,"column":5},"end":{"line":62,"column":null}},"type":"cond-expr","locations":[{"start":{"line":62,"column":33},"end":{"line":62,"column":61}},{"start":{"line":62,"column":61},"end":{"line":62,"column":null}}]},"7":{"loc":{"start":{"line":63,"column":13},"end":{"line":63,"column":null}},"type":"cond-expr","locations":[{"start":{"line":63,"column":41},"end":{"line":63,"column":66}},{"start":{"line":63,"column":66},"end":{"line":63,"column":null}}]}},"s":{"0":0,"1":0,"2":0,"3":0,"4":0,"5":0,"6":0,"7":0,"8":0,"9":0,"10":0,"11":0,"12":0,"13":0,"14":0,"15":0,"16":0,"17":0,"18":0,"19":0,"20":0,"21":0,"22":0,"23":0},"f":{"0":0,"1":0},"b":{"0":[0,0],"1":[0,0],"2":[0,0],"3":[0,0],"4":[0,0],"5":[0,0],"6":[0,0],"7":[0,0]}}
,"/app/packages/worker/src/modules/emails/sendEmail.ts": {"path":"/app/packages/worker/src/modules/emails/sendEmail.ts","statementMap":{"0":{"start":{"line":6,"column":10},"end":{"line":32,"column":null}},"1":{"start":{"line":35,"column":2},"end":{"line":36,"column":null}},"2":{"start":{"line":36,"column":3},"end":{"line":36,"column":null}},"3":{"start":{"line":61,"column":2},"end":{"line":64,"column":null}}},"fnMap":{"0":{"name":"(anonymous_0)","decl":{"start":{"line":34,"column":1},"end":{"line":34,"column":7}},"loc":{"start":{"line":34,"column":29},"end":{"line":67,"column":null}}}},"branchMap":{"0":{"loc":{"start":{"line":35,"column":2},"end":{"line":36,"column":null}},"type":"if","locations":[{"start":{"line":35,"column":2},"end":{"line":36,"column":null}},{"start":{},"end":{}}]}},"s":{"0":25,"1":0,"2":0,"3":0},"f":{"0":0},"b":{"0":[0,0]}}
,"/app/packages/worker/src/modules/server/getInfo.ts": {"path":"/app/packages/worker/src/modules/server/getInfo.ts","statementMap":{"0":{"start":{"line":6,"column":10},"end":{"line":10,"column":null}},"1":{"start":{"line":13,"column":35},"end":{"line":13,"column":null}},"2":{"start":{"line":15,"column":18},"end":{"line":15,"column":null}},"3":{"start":{"line":17,"column":2},"end":{"line":26,"column":null}},"4":{"start":{"line":18,"column":3},"end":{"line":25,"column":null}},"5":{"start":{"line":24,"column":4},"end":{"line":24,"column":null}},"6":{"start":{"line":28,"column":2},"end":{"line":38,"column":null}}},"fnMap":{"0":{"name":"(anonymous_0)","decl":{"start":{"line":12,"column":1},"end":{"line":12,"column":7}},"loc":{"start":{"line":12,"column":29},"end":{"line":39,"column":null}}}},"branchMap":{"0":{"loc":{"start":{"line":18,"column":3},"end":{"line":25,"column":null}},"type":"if","locations":[{"start":{"line":18,"column":3},"end":{"line":25,"column":null}},{"start":{},"end":{}}]},"1":{"loc":{"start":{"line":19,"column":4},"end":{"line":22,"column":null}},"type":"binary-expr","locations":[{"start":{"line":19,"column":4},"end":{"line":19,"column":null}},{"start":{"line":20,"column":4},"end":{"line":20,"column":null}},{"start":{"line":21,"column":4},"end":{"line":21,"column":null}},{"start":{"line":22,"column":4},"end":{"line":22,"column":null}}]},"2":{"loc":{"start":{"line":31,"column":9},"end":{"line":36,"column":null}},"type":"cond-expr","locations":[{"start":{"line":32,"column":6},"end":{"line":35,"column":null}},{"start":{"line":36,"column":6},"end":{"line":36,"column":null}}]}},"s":{"0":25,"1":0,"2":0,"3":0,"4":0,"5":0,"6":0},"f":{"0":0},"b":{"0":[0,0],"1":[0,0,0,0],"2":[0,0]}}
}
